<?xml version="1.0" encoding="UTF-8"?>
<testng-results ignored="0" total="1" passed="1" failed="0" skipped="0">
  <reporter-output>
  </reporter-output>
  <suite started-at="2025-10-28T15:18:25 IST" name="Default suite" finished-at="2025-10-28T15:18:29 IST" duration-ms="3457">
    <groups>
    </groups>
    <test started-at="2025-10-28T15:18:25 IST" name="Default test" finished-at="2025-10-28T15:18:29 IST" duration-ms="3457">
      <class name="runTestforBASECls.Login_1">
        <test-method is-config="true" signature="setUp()[pri:0, instance:runTestforBASECls.Login_1@217ed35e]" started-at="2025-10-28T15:18:25 IST" name="setUp" finished-at="2025-10-28T15:18:29 IST" duration-ms="3143" status="PASS">
          <reporter-output>
          </reporter-output>
        </test-method> <!-- setUp -->
        <test-method signature="loginlog()[pri:0, instance:runTestforBASECls.Login_1@217ed35e]" started-at="2025-10-28T15:18:29 IST" name="loginlog" finished-at="2025-10-28T15:18:29 IST" duration-ms="275" status="PASS">
          <reporter-output>
          </reporter-output>
        </test-method> <!-- loginlog -->
        <test-method is-config="true" signature="tearDown()[pri:0, instance:runTestforBASECls.Login_1@217ed35e]" started-at="2025-10-28T15:18:29 IST" name="tearDown" finished-at="2025-10-28T15:18:29 IST" duration-ms="1" status="PASS">
          <reporter-output>
          </reporter-output>
        </test-method> <!-- tearDown -->
      </class> <!-- runTestforBASECls.Login_1 -->
    </test> <!-- Default test -->
  </suite> <!-- Default suite -->
</testng-results>
